[4/18/2023, 1:12:14 AM] server	 users-routes.js - Query Successful
[4/18/2023, 1:13:41 AM] server	 users-routes.js - Query Successful
[4/18/2023, 1:19:44 AM] server	 users-routes.js - Query Successful
<<<<<<< HEAD
[4/18/2023, 1:21:00 AM] server	 users-routes.js - 
[4/18/2023, 1:31:19 AM] server	 users-routes.js - 
[4/18/2023, 1:40:52 AM] server	 users-routes.js - 
>>>>>>> 1b5f9f7db74342563cd8c929b9ad3859ebe0ef05
[4/18/2023, 2:36:59 AM] server	 users-routes.js - 
[4/18/2023, 2:37:18 AM] server	 users-routes.js - 
[4/18/2023, 2:45:55 AM] server	 users-routes.js - 
[4/18/2023, 2:48:55 AM] server	 users-routes.js - {
  _id: new ObjectId("643e2689f0a7052a84f68f8c"),
  userName: 'testUser',
  password: 'Password01'
}
=======
[4/18/2023, 1:21:00 AM] server	 users-routes.js -
[4/18/2023, 1:31:19 AM] server	 users-routes.js -
[4/18/2023, 1:40:52 AM] server	 users-routes.js -
[4/18/2023, 2:36:59 AM] server	 users-routes.js -
[4/18/2023, 2:37:18 AM] server	 users-routes.js -
[4/18/2023, 2:43:14 AM] server	 users-routes.js -
[4/18/2023, 2:43:16 AM] server	 users-routes.js -
[4/18/2023, 2:43:39 AM] server	 users-routes.js -
[4/18/2023, 2:44:09 AM] server	 users-routes.js -
[4/18/2023, 2:46:19 AM] server	 users-routes.js - 
[4/18/2023, 2:46:29 AM] server	 users-routes.js - 
>>>>>>> 4d81444a71e465c78293ed26f33aab03c4378a7e
